<?xml version="1.0" encoding="UTF-8"?>
<testng-results total="6" passed="6" failed="0" skipped="0">
  <reporter-output>
  </reporter-output>
  <suite started-at="2020-02-13T05:37:33Z" name="MCQ_180107" finished-at="2020-02-13T05:37:35Z" duration-ms="2325">
    <groups>
    </groups>
    <test started-at="2020-02-13T05:37:33Z" name="TestNG tests" finished-at="2020-02-13T05:37:35Z" duration-ms="2325">
      <class name="mcq_180107.AdminSubjectNGTest">
        <test-method is-config="true" signature="setUpClass()[pri:0, instance:mcq_180107.AdminSubjectNGTest@7cd62f43]" started-at="2020-02-13T11:22:33Z" name="setUpClass" finished-at="2020-02-13T11:22:33Z" duration-ms="11" status="PASS">
          <reporter-output>
          </reporter-output>
        </test-method> <!-- setUpClass -->
        <test-method is-config="true" signature="setUpMethod()[pri:0, instance:mcq_180107.AdminSubjectNGTest@7cd62f43]" started-at="2020-02-13T11:22:33Z" name="setUpMethod" finished-at="2020-02-13T11:22:33Z" duration-ms="0" status="PASS">
          <reporter-output>
          </reporter-output>
        </test-method> <!-- setUpMethod -->
        <test-method signature="testCheckField()[pri:0, instance:mcq_180107.AdminSubjectNGTest@7cd62f43]" started-at="2020-02-13T11:22:33Z" name="testCheckField" finished-at="2020-02-13T11:22:35Z" duration-ms="2040" status="PASS">
          <reporter-output>
          </reporter-output>
        </test-method> <!-- testCheckField -->
        <test-method is-config="true" signature="tearDownMethod()[pri:0, instance:mcq_180107.AdminSubjectNGTest@7cd62f43]" started-at="2020-02-13T11:22:35Z" name="tearDownMethod" finished-at="2020-02-13T11:22:35Z" duration-ms="1" status="PASS">
          <reporter-output>
          </reporter-output>
        </test-method> <!-- tearDownMethod -->
        <test-method signature="testCheckSubject()[pri:0, instance:mcq_180107.AdminSubjectNGTest@7cd62f43]" started-at="2020-02-13T11:22:35Z" name="testCheckSubject" finished-at="2020-02-13T11:22:35Z" duration-ms="40" status="PASS">
          <reporter-output>
          </reporter-output>
        </test-method> <!-- testCheckSubject -->
        <test-method is-config="true" signature="setUpMethod()[pri:0, instance:mcq_180107.AdminSubjectNGTest@7cd62f43]" started-at="2020-02-13T11:22:35Z" name="setUpMethod" finished-at="2020-02-13T11:22:35Z" duration-ms="0" status="PASS">
          <reporter-output>
          </reporter-output>
        </test-method> <!-- setUpMethod -->
        <test-method is-config="true" signature="tearDownMethod()[pri:0, instance:mcq_180107.AdminSubjectNGTest@7cd62f43]" started-at="2020-02-13T11:22:35Z" name="tearDownMethod" finished-at="2020-02-13T11:22:35Z" duration-ms="1" status="PASS">
          <reporter-output>
          </reporter-output>
        </test-method> <!-- tearDownMethod -->
        <test-method is-config="true" signature="setUpMethod()[pri:0, instance:mcq_180107.AdminSubjectNGTest@7cd62f43]" started-at="2020-02-13T11:22:35Z" name="setUpMethod" finished-at="2020-02-13T11:22:35Z" duration-ms="0" status="PASS">
          <reporter-output>
          </reporter-output>
        </test-method> <!-- setUpMethod -->
        <test-method signature="testCheckSubjectDup()[pri:0, instance:mcq_180107.AdminSubjectNGTest@7cd62f43]" started-at="2020-02-13T11:22:35Z" name="testCheckSubjectDup" finished-at="2020-02-13T11:22:35Z" duration-ms="38" status="PASS">
          <reporter-output>
          </reporter-output>
        </test-method> <!-- testCheckSubjectDup -->
        <test-method signature="testLoadData()[pri:0, instance:mcq_180107.AdminSubjectNGTest@7cd62f43]" started-at="2020-02-13T11:22:35Z" name="testLoadData" finished-at="2020-02-13T11:22:35Z" duration-ms="40" status="PASS">
          <reporter-output>
          </reporter-output>
        </test-method> <!-- testLoadData -->
        <test-method is-config="true" signature="setUpMethod()[pri:0, instance:mcq_180107.AdminSubjectNGTest@7cd62f43]" started-at="2020-02-13T11:22:35Z" name="setUpMethod" finished-at="2020-02-13T11:22:35Z" duration-ms="0" status="PASS">
          <reporter-output>
          </reporter-output>
        </test-method> <!-- setUpMethod -->
        <test-method is-config="true" signature="tearDownMethod()[pri:0, instance:mcq_180107.AdminSubjectNGTest@7cd62f43]" started-at="2020-02-13T11:22:35Z" name="tearDownMethod" finished-at="2020-02-13T11:22:35Z" duration-ms="0" status="PASS">
          <reporter-output>
          </reporter-output>
        </test-method> <!-- tearDownMethod -->
        <test-method is-config="true" signature="tearDownMethod()[pri:0, instance:mcq_180107.AdminSubjectNGTest@7cd62f43]" started-at="2020-02-13T11:22:35Z" name="tearDownMethod" finished-at="2020-02-13T11:22:35Z" duration-ms="1" status="PASS">
          <reporter-output>
          </reporter-output>
        </test-method> <!-- tearDownMethod -->
        <test-method is-config="true" signature="setUpMethod()[pri:0, instance:mcq_180107.AdminSubjectNGTest@7cd62f43]" started-at="2020-02-13T11:22:35Z" name="setUpMethod" finished-at="2020-02-13T11:22:35Z" duration-ms="0" status="PASS">
          <reporter-output>
          </reporter-output>
        </test-method> <!-- setUpMethod -->
        <test-method signature="testMain()[pri:0, instance:mcq_180107.AdminSubjectNGTest@7cd62f43]" started-at="2020-02-13T11:22:35Z" name="testMain" finished-at="2020-02-13T11:22:35Z" duration-ms="38" status="PASS">
          <reporter-output>
          </reporter-output>
        </test-method> <!-- testMain -->
        <test-method is-config="true" signature="tearDownMethod()[pri:0, instance:mcq_180107.AdminSubjectNGTest@7cd62f43]" started-at="2020-02-13T11:22:35Z" name="tearDownMethod" finished-at="2020-02-13T11:22:35Z" duration-ms="0" status="PASS">
          <reporter-output>
          </reporter-output>
        </test-method> <!-- tearDownMethod -->
        <test-method is-config="true" signature="setUpMethod()[pri:0, instance:mcq_180107.AdminSubjectNGTest@7cd62f43]" started-at="2020-02-13T11:22:35Z" name="setUpMethod" finished-at="2020-02-13T11:22:35Z" duration-ms="0" status="PASS">
          <reporter-output>
          </reporter-output>
        </test-method> <!-- setUpMethod -->
        <test-method signature="testReset()[pri:0, instance:mcq_180107.AdminSubjectNGTest@7cd62f43]" started-at="2020-02-13T11:22:35Z" name="testReset" finished-at="2020-02-13T11:22:35Z" duration-ms="94" status="PASS">
          <reporter-output>
          </reporter-output>
        </test-method> <!-- testReset -->
        <test-method is-config="true" signature="tearDownMethod()[pri:0, instance:mcq_180107.AdminSubjectNGTest@7cd62f43]" started-at="2020-02-13T11:22:35Z" name="tearDownMethod" finished-at="2020-02-13T11:22:35Z" duration-ms="1" status="PASS">
          <reporter-output>
          </reporter-output>
        </test-method> <!-- tearDownMethod -->
        <test-method is-config="true" signature="tearDownClass()[pri:0, instance:mcq_180107.AdminSubjectNGTest@7cd62f43]" started-at="2020-02-13T11:22:35Z" name="tearDownClass" finished-at="2020-02-13T11:22:35Z" duration-ms="1" status="PASS">
          <reporter-output>
          </reporter-output>
        </test-method> <!-- tearDownClass -->
      </class> <!-- mcq_180107.AdminSubjectNGTest -->
    </test> <!-- TestNG tests -->
  </suite> <!-- MCQ_180107 -->
</testng-results>
